<?xml version="1.0" encoding="UTF-8"?>
<!-- Generated by org.testng.reporters.JUnitReportReporter -->
<testsuite hostname="KakumaniShanvi" failures="0" tests="1" name="com.seleniumTraining.day3.testNgsample" time="0.012" errors="0" timestamp="2024-07-19T01:43:10 GST" skipped="0">
  <testcase classname="com.seleniumTraining.day3.testNgsample" name="tc01" time="0.012"/>
  <system-out/>
</testsuite> <!-- com.seleniumTraining.day3.testNgsample -->
